<?xml version="1.0" encoding="UTF-8"?>
<!-- Generated by org.testng.reporters.JUnitReportReporter -->
<testsuite skipped="0" hostname="Naveen-Mac.local" name="com.qa.hubspot.tests.LoginPageTest" tests="6" failures="0" timestamp="24 Jul 2020 02:23:28 GMT" time="14.005" errors="0">
  <testcase name="verifySignUpLinkTest" time="5.974" classname="com.qa.hubspot.tests.LoginPageTest"/>
  <testcase name="verifySignUpLinkTest" time="5.015" classname="com.qa.hubspot.tests.LoginPageTest"/>
  <testcase name="verifyLoginPageTitleTest" time="0.109" classname="com.qa.hubspot.tests.LoginPageTest"/>
  <testcase name="verifyLoginPageTitleTest" time="0.068" classname="com.qa.hubspot.tests.LoginPageTest"/>
  <testcase name="loginTest" time="1.664" classname="com.qa.hubspot.tests.LoginPageTest"/>
  <testcase name="loginTest" time="1.175" classname="com.qa.hubspot.tests.LoginPageTest"/>
</testsuite> <!-- com.qa.hubspot.tests.LoginPageTest -->
