<?xml version="1.0" encoding="UTF-8"?>
<!-- Generated by org.testng.reporters.JUnitReportReporter -->
<testsuite skipped="0" hostname="Naveen-Mac.local" name="com.qa.hubspot.tests.LoginPageTest" tests="3" failures="0" timestamp="16 Jul 2020 01:35:45 GMT" time="20.813" errors="0">
  <testcase name="verifySignUpLinkTest" time="10.147" classname="com.qa.hubspot.tests.LoginPageTest"/>
  <testcase name="verifyLoginPageTitleTest" time="5.030" classname="com.qa.hubspot.tests.LoginPageTest"/>
  <testcase name="loginTest" time="5.636" classname="com.qa.hubspot.tests.LoginPageTest"/>
</testsuite> <!-- com.qa.hubspot.tests.LoginPageTest -->
